2012/07/18 16:23:08 にビルドを開始しました。
     1>ノード 2 上のプロジェクト "C:\Users\zero\Documents\GitHub\2012TeResAI\2012 TeRes AI\2012teresAI\2012teresAI.vcxproj" (build ターゲット)。
     1>InitializeBuildStatus:
         "Debug\2012teresAI.unsuccessfulbuild" のタッチ タスクを実行しています。
       ClCompile:
         すべての出力が最新のものです。
       ManifestResourceCompile:
         すべての出力が最新のものです。
       Link:
         c:\Program Files\Microsoft Visual Studio 10.0\VC\bin\link.exe /ERRORREPORT:PROMPT /OUT:"C:\Users\zero\Documents\GitHub\2012TeResAI\2012 TeRes AI\2012teresAI\Debug\2012teresAI.exe" /INCREMENTAL /NOLOGO /LIBPATH:"C:\Users\zero\Documents\GitHub\2012TeResAI\2012 TeRes AI\2012teresAI\DX lib\DxLib_VC\プロジェクトに追加すべきファイル_VC用" kernel32.lib user32.lib gdi32.lib winspool.lib comdlg32.lib advapi32.lib shell32.lib ole32.lib oleaut32.lib uuid.lib odbc32.lib odbccp32.lib /MANIFEST /ManifestFile:"Debug\2012teresAI.exe.intermediate.manifest" /MANIFESTUAC:"level='asInvoker' uiAccess='false'" /DEBUG /PDB:"C:\Users\zero\Documents\GitHub\2012TeResAI\2012 TeRes AI\2012teresAI\Debug\2012teresAI.pdb" /SUBSYSTEM:WINDOWS /TLBID:1 /DYNAMICBASE /NXCOMPAT /IMPLIB:"C:\Users\zero\Documents\GitHub\2012TeResAI\2012 TeRes AI\2012teresAI\Debug\2012teresAI.lib" /MACHINE:X86 Debug\2012teresAI.exe.embed.manifest.res
         Debug\death_Ai.obj
         Debug\draw.obj
         Debug\Init_Ai.obj
         Debug\Init_Tagger.obj
         Debug\Intro.obj
         Debug\main.obj
         Debug\make_Stage.obj
         Debug\next_Ai.obj
         Debug\next_Tagger.obj
         Debug\result.obj
         Debug\setview_Ai.obj
         Debug\update_Ai.obj
         Debug\update_stage.obj
         Debug\update_Tagger.obj
       Manifest:
         C:\Program Files\Microsoft SDKs\Windows\v7.0A\bin\mt.exe /nologo /verbose /out:"Debug\2012teresAI.exe.embed.manifest" /manifest Debug\2012teresAI.exe.intermediate.manifest
         すべての出力が最新のものです。
       LinkEmbedManifest:
         すべての出力が最新のものです。
         2012teresAI.vcxproj -> C:\Users\zero\Documents\GitHub\2012TeResAI\2012 TeRes AI\2012teresAI\Debug\2012teresAI.exe
       FinalizeBuildStatus:
         ファイル "Debug\2012teresAI.unsuccessfulbuild" を削除しています。
         "Debug\2012teresAI.lastbuildstate" のタッチ タスクを実行しています。
     1>プロジェクト "C:\Users\zero\Documents\GitHub\2012TeResAI\2012 TeRes AI\2012teresAI\2012teresAI.vcxproj" (build ターゲット) のビルドが完了しました。

ビルドに成功しました。

経過時間 00:00:03.21
