2012/07/14 19:14:16 にビルドを開始しました。
ノード 2 上のプロジェクト "c:\documents and settings\administrator\my documents\visual studio 2010\Projects\2012TeResAI\2012TeResAI\2012TeResAI.vcxproj" (build ターゲット)。
PrepareForBuild:
  ディレクトリ "c:\documents and settings\administrator\my documents\visual studio 2010\Projects\2012TeResAI\Debug\" を作成しています。
InitializeBuildStatus:
  "AlwaysCreate" が指定されたため "Debug\2012TeResAI.unsuccessfulbuild" を作成しています。
ClCompile:
  C:\Program Files\Microsoft Visual Studio 10.0\VC\bin\CL.exe /c /ZI /nologo /W3 /WX- /Od /Oy- /D WIN32 /D _DEBUG /D _CONSOLE /D _UNICODE /D UNICODE /Gm /EHsc /RTC1 /MDd /GS /fp:precise /Zc:wchar_t /Zc:forScope /Fo"Debug\\" /Fd"Debug\vc100.pdb" /Gd /TP /analyze- /errorReport:prompt main.cpp
  main.cpp
ManifestResourceCompile:
  C:\Program Files\Microsoft SDKs\Windows\v7.0A\bin\rc.exe /nologo /fo"Debug\2012TeResAI.exe.embed.manifest.res" Debug\2012TeResAI_manifest.rc 
Link:
  C:\Program Files\Microsoft Visual Studio 10.0\VC\bin\link.exe /ERRORREPORT:PROMPT /OUT:"c:\documents and settings\administrator\my documents\visual studio 2010\Projects\2012TeResAI\Debug\2012TeResAI.exe" /INCREMENTAL /NOLOGO kernel32.lib user32.lib gdi32.lib winspool.lib comdlg32.lib advapi32.lib shell32.lib ole32.lib oleaut32.lib uuid.lib odbc32.lib odbccp32.lib /MANIFEST /ManifestFile:"Debug\2012TeResAI.exe.intermediate.manifest" /MANIFESTUAC:"level='asInvoker' uiAccess='false'" /DEBUG /PDB:"c:\documents and settings\administrator\my documents\visual studio 2010\Projects\2012TeResAI\Debug\2012TeResAI.pdb" /SUBSYSTEM:CONSOLE /TLBID:1 /DYNAMICBASE /NXCOMPAT /IMPLIB:"c:\documents and settings\administrator\my documents\visual studio 2010\Projects\2012TeResAI\Debug\2012TeResAI.lib" /MACHINE:X86 Debug\2012TeResAI.exe.embed.manifest.res
  Debug\main.obj
Manifest:
  C:\Program Files\Microsoft SDKs\Windows\v7.0A\bin\mt.exe /nologo /verbose /out:"Debug\2012TeResAI.exe.embed.manifest" /manifest Debug\2012TeResAI.exe.intermediate.manifest
  C:\Program Files\Microsoft SDKs\Windows\v7.0A\bin\rc.exe /nologo /fo"Debug\2012TeResAI.exe.embed.manifest.res" Debug\2012TeResAI_manifest.rc 
LinkEmbedManifest:
  C:\Program Files\Microsoft Visual Studio 10.0\VC\bin\link.exe /ERRORREPORT:PROMPT /OUT:"c:\documents and settings\administrator\my documents\visual studio 2010\Projects\2012TeResAI\Debug\2012TeResAI.exe" /INCREMENTAL /NOLOGO kernel32.lib user32.lib gdi32.lib winspool.lib comdlg32.lib advapi32.lib shell32.lib ole32.lib oleaut32.lib uuid.lib odbc32.lib odbccp32.lib /MANIFEST /ManifestFile:"Debug\2012TeResAI.exe.intermediate.manifest" /MANIFESTUAC:"level='asInvoker' uiAccess='false'" /DEBUG /PDB:"c:\documents and settings\administrator\my documents\visual studio 2010\Projects\2012TeResAI\Debug\2012TeResAI.pdb" /SUBSYSTEM:CONSOLE /TLBID:1 /DYNAMICBASE /NXCOMPAT /IMPLIB:"c:\documents and settings\administrator\my documents\visual studio 2010\Projects\2012TeResAI\Debug\2012TeResAI.lib" /MACHINE:X86 Debug\2012TeResAI.exe.embed.manifest.res
  Debug\main.obj
  2012TeResAI.vcxproj -> c:\documents and settings\administrator\my documents\visual studio 2010\Projects\2012TeResAI\Debug\2012TeResAI.exe
FinalizeBuildStatus:
  ファイル "Debug\2012TeResAI.unsuccessfulbuild" を削除しています。
  "Debug\2012TeResAI.lastbuildstate" のタッチ タスクを実行しています。
プロジェクト "c:\documents and settings\administrator\my documents\visual studio 2010\Projects\2012TeResAI\2012TeResAI\2012TeResAI.vcxproj" (build ターゲット) のビルドが完了しました。

ビルドに成功しました。

経過時間 00:00:03.31
